TN:
SF:src/config/database.ts
FN:3,(anonymous_1)
FN:17,(anonymous_2)
FN:21,(anonymous_3)
FNF:3
FNH:0
FNDA:0,(anonymous_1)
FNDA:0,(anonymous_2)
FNDA:0,(anonymous_3)
DA:1,0
DA:3,0
DA:4,0
DA:5,0
DA:7,0
DA:9,0
DA:10,0
DA:12,0
DA:13,0
DA:17,0
DA:18,0
DA:21,0
DA:22,0
LF:13
LH:0
BRDA:5,0,0,0
BRDA:5,0,1,0
BRF:2
BRH:0
end_of_record
TN:
SF:src/controllers/auth.controller.ts
FN:4,(anonymous_0)
FN:42,(anonymous_1)
FN:76,(anonymous_2)
FN:78,(anonymous_3)
FN:91,(anonymous_4)
FNF:5
FNH:5
FNDA:14,(anonymous_0)
FNDA:4,(anonymous_1)
FNDA:1,(anonymous_2)
FNDA:1,(anonymous_3)
FNDA:4,(anonymous_4)
DA:2,1
DA:4,1
DA:5,14
DA:6,14
DA:8,14
DA:9,0
DA:12,14
DA:13,14
DA:14,1
DA:17,13
DA:24,13
DA:26,13
DA:28,13
DA:37,0
DA:38,0
DA:42,1
DA:43,4
DA:44,4
DA:46,4
DA:47,0
DA:50,4
DA:51,4
DA:52,1
DA:55,3
DA:56,3
DA:57,1
DA:60,2
DA:62,2
DA:71,0
DA:72,0
DA:76,1
DA:77,1
DA:78,1
DA:79,1
DA:80,0
DA:82,1
DA:83,1
DA:86,0
DA:87,0
DA:91,1
DA:92,4
DA:93,4
DA:94,2
DA:97,2
DA:98,2
DA:99,0
DA:102,2
DA:111,0
DA:112,0
LF:49
LH:37
BRDA:8,0,0,0
BRDA:8,1,0,14
BRDA:8,1,1,14
BRDA:8,1,2,14
BRDA:8,1,3,14
BRDA:13,2,0,1
BRDA:46,3,0,0
BRDA:46,4,0,4
BRDA:46,4,1,4
BRDA:51,5,0,1
BRDA:56,6,0,1
BRDA:79,7,0,0
BRDA:93,8,0,2
BRDA:98,9,0,0
BRF:14
BRH:10
end_of_record
TN:
SF:src/controllers/meal-evaluations.controller.ts
FN:4,(anonymous_0)
FN:47,(anonymous_1)
FN:63,(anonymous_2)
FNF:3
FNH:0
FNDA:0,(anonymous_0)
FNDA:0,(anonymous_1)
FNDA:0,(anonymous_2)
DA:2,0
DA:4,0
DA:5,0
DA:6,0
DA:7,0
DA:9,0
DA:10,0
DA:13,0
DA:14,0
DA:19,0
DA:20,0
DA:25,0
DA:32,0
DA:34,0
DA:42,0
DA:43,0
DA:47,0
DA:48,0
DA:49,0
DA:50,0
DA:52,0
DA:53,0
DA:56,0
DA:57,0
DA:58,0
DA:61,0
DA:63,0
DA:71,0
DA:73,0
DA:74,0
LF:30
LH:0
BRDA:9,0,0,0
BRDA:13,1,0,0
BRDA:13,2,0,0
BRDA:13,2,1,0
BRDA:13,2,2,0
BRDA:19,3,0,0
BRDA:19,4,0,0
BRDA:19,4,1,0
BRDA:19,4,2,0
BRDA:19,4,3,0
BRDA:52,5,0,0
BRDA:57,6,0,0
BRF:12
BRH:0
end_of_record
TN:
SF:src/data/db.ts
FN:13,(anonymous_0)
FN:15,(anonymous_1)
FN:16,(anonymous_2)
FN:18,(anonymous_3)
FNF:4
FNH:0
FNDA:0,(anonymous_0)
FNDA:0,(anonymous_1)
FNDA:0,(anonymous_2)
FNDA:0,(anonymous_3)
DA:9,0
DA:11,0
DA:13,0
DA:16,0
DA:19,0
DA:24,0
DA:25,0
LF:7
LH:0
BRF:0
BRH:0
end_of_record
TN:
SF:src/middleware/auth.middleware.ts
FN:3,(anonymous_0)
FN:10,(anonymous_1)
FNF:2
FNH:0
FNDA:0,(anonymous_0)
FNDA:0,(anonymous_1)
DA:3,0
DA:4,0
DA:5,0
DA:7,0
DA:10,0
DA:11,0
LF:6
LH:0
BRDA:4,0,0,0
BRF:1
BRH:0
end_of_record
TN:
SF:src/models/meal-evaluation.model.ts
FNF:0
FNH:0
DA:1,0
DA:11,0
DA:41,0
LF:3
LH:0
BRF:0
BRH:0
end_of_record
TN:
SF:src/models/user.model.ts
FN:41,(anonymous_10)
FN:53,(anonymous_11)
FNF:2
FNH:2
FNDA:13,(anonymous_10)
FNDA:3,(anonymous_11)
DA:1,1
DA:2,1
DA:13,1
DA:41,1
DA:42,13
DA:44,13
DA:45,13
DA:46,13
DA:47,13
DA:49,0
DA:53,1
DA:54,3
DA:57,1
LF:13
LH:12
BRDA:42,0,0,0
BRF:1
BRH:0
end_of_record
TN:
SF:src/routes/auth.routes.ts
FNF:0
FNH:0
DA:1,1
DA:2,1
DA:4,1
DA:6,1
DA:7,1
DA:8,1
DA:9,1
DA:11,1
LF:8
LH:8
BRF:0
BRH:0
end_of_record
TN:
SF:src/routes/meal-evaluations.ts
FNF:0
FNH:0
DA:1,0
DA:2,0
DA:4,0
DA:6,0
DA:7,0
DA:9,0
LF:6
LH:0
BRF:0
BRH:0
end_of_record
TN:
SF:src/scripts/show-structure.ts
FN:4,(anonymous_1)
FNF:1
FNH:0
FNDA:0,(anonymous_1)
DA:1,0
DA:2,0
DA:4,0
DA:5,0
DA:6,0
DA:8,0
DA:9,0
DA:11,0
DA:12,0
DA:14,0
DA:15,0
DA:16,0
DA:18,0
DA:20,0
DA:22,0
DA:23,0
DA:24,0
DA:26,0
DA:27,0
DA:29,0
DA:30,0
DA:31,0
DA:32,0
DA:36,0
DA:38,0
DA:40,0
DA:41,0
DA:45,0
LF:28
LH:0
BRDA:12,0,0,0
BRDA:29,1,0,0
BRF:2
BRH:0
end_of_record
TN:
SF:src/scripts/view-data.ts
FN:4,(anonymous_0)
FN:13,(anonymous_1)
FNF:2
FNH:0
FNDA:0,(anonymous_0)
FNDA:0,(anonymous_1)
DA:1,0
DA:2,0
DA:4,0
DA:5,0
DA:6,0
DA:8,0
DA:10,0
DA:11,0
DA:13,0
DA:14,0
DA:15,0
DA:16,0
DA:17,0
DA:18,0
DA:21,0
DA:23,0
DA:24,0
DA:28,0
LF:18
LH:0
BRF:0
BRH:0
end_of_record
TN:
SF:src/scripts/watch-data.ts
FN:4,(anonymous_0)
FN:11,(anonymous_1)
FN:22,(anonymous_2)
FNF:3
FNH:0
FNDA:0,(anonymous_0)
FNDA:0,(anonymous_1)
FNDA:0,(anonymous_2)
DA:1,0
DA:2,0
DA:4,0
DA:5,0
DA:7,0
DA:9,0
DA:11,0
DA:12,0
DA:14,0
DA:15,0
DA:16,0
DA:18,0
DA:20,0
DA:22,0
DA:23,0
DA:24,0
DA:25,0
DA:26,0
DA:29,0
DA:34,0
LF:20
LH:0
BRDA:14,0,0,0
BRF:1
BRH:0
end_of_record
